2026-03-09 20:39:43,864 - tourism_system - ERROR - 数据库初始化失败: (pymysql.err.OperationalError) (1049, "Unknown database 'tourism_system'")
(Background on this error at: https://sqlalche.me/e/20/e3q8)
2026-03-09 20:39:43,864 - tourism_system - INFO - 启动服务，端口: 8080
2026-03-09 20:39:44,631 - tourism_system - ERROR - 数据库初始化失败: (pymysql.err.OperationalError) (1049, "Unknown database 'tourism_system'")
(Background on this error at: https://sqlalche.me/e/20/e3q8)
2026-03-09 20:39:44,631 - tourism_system - INFO - 启动服务，端口: 8080
2026-03-09 20:40:39,049 - tourism_system - ERROR - 数据库初始化失败: (pymysql.err.OperationalError) (1049, "Unknown database 'tourism_system'")
(Background on this error at: https://sqlalche.me/e/20/e3q8)
2026-03-09 20:40:39,051 - tourism_system - INFO - 启动服务，端口: 8080
2026-03-09 20:40:39,842 - tourism_system - ERROR - 数据库初始化失败: (pymysql.err.OperationalError) (1049, "Unknown database 'tourism_system'")
(Background on this error at: https://sqlalche.me/e/20/e3q8)
2026-03-09 20:40:39,843 - tourism_system - INFO - 启动服务，端口: 8080
2026-03-09 20:41:25,937 - tourism_system - INFO - 数据库初始化完成
2026-03-09 20:41:25,938 - tourism_system - INFO - 启动服务，端口: 8080
2026-03-09 20:41:32,063 - tourism_system - INFO - 数据库初始化完成
2026-03-09 20:41:32,066 - tourism_system - INFO - 启动服务，端口: 8080
2026-03-09 20:41:32,841 - tourism_system - INFO - 数据库初始化完成
2026-03-09 20:41:32,841 - tourism_system - INFO - 启动服务，端口: 8080
2026-03-09 20:41:44,982 - tourism_system - INFO - 数据库初始化完成
2026-03-09 20:41:44,982 - tourism_system - INFO - 启动服务，端口: 8080
2026-03-09 20:42:25,890 - tourism_system - INFO - 数据库初始化完成
2026-03-09 20:42:25,890 - tourism_system - INFO - 启动服务，端口: 8080
2026-03-09 20:48:44,927 - tourism_system - INFO - 数据库初始化完成
2026-03-09 20:48:44,929 - tourism_system - INFO - 启动服务，端口: 8080
2026-03-09 20:48:45,805 - tourism_system - INFO - 数据库初始化完成
2026-03-09 20:48:45,805 - tourism_system - INFO - 启动服务，端口: 8080
2026-03-09 20:52:35,528 - tourism_system - INFO - 数据库初始化完成
2026-03-09 20:52:35,528 - tourism_system - INFO - 启动服务，端口: 8080
2026-03-09 20:52:36,382 - tourism_system - INFO - 数据库初始化完成
2026-03-09 20:52:36,383 - tourism_system - INFO - 启动服务，端口: 8080
2026-03-09 20:56:55,548 - tourism_system - INFO - 数据库初始化完成
2026-03-09 20:56:55,548 - tourism_system - INFO - 启动服务，端口: 8080
2026-03-09 20:56:56,332 - tourism_system - INFO - 数据库初始化完成
2026-03-09 20:56:56,332 - tourism_system - INFO - 启动服务，端口: 8080
2026-03-09 20:57:09,369 - tourism_system - INFO - 数据库初始化完成
2026-03-09 20:57:09,369 - tourism_system - INFO - 启动服务，端口: 8080
2026-03-09 20:57:10,149 - tourism_system - INFO - 数据库初始化完成
2026-03-09 20:57:10,150 - tourism_system - INFO - 启动服务，端口: 8080
2026-03-09 21:08:50,145 - tourism_system - INFO - 数据库初始化完成
2026-03-09 21:08:50,147 - tourism_system - INFO - 启动服务，端口: 8080
2026-03-09 21:08:50,657 - tourism_system - INFO - 数据库初始化完成
2026-03-09 21:08:50,657 - tourism_system - INFO - 启动服务，端口: 8080
2026-03-09 21:09:16,165 - tourism_system - INFO - 数据库初始化完成
2026-03-09 21:09:16,165 - tourism_system - INFO - 启动服务，端口: 8080
2026-03-09 21:09:16,948 - tourism_system - INFO - 数据库初始化完成
2026-03-09 21:09:16,948 - tourism_system - INFO - 启动服务，端口: 8080
2026-03-09 21:10:21,406 - tourism_system - INFO - 数据库初始化完成
2026-03-09 21:10:21,408 - tourism_system - INFO - 启动服务，端口: 8080
2026-03-09 21:10:21,593 - tourism_system - INFO - 数据库初始化完成
2026-03-09 21:10:21,593 - tourism_system - INFO - 启动服务，端口: 8080
2026-03-09 21:10:43,902 - tourism_system - INFO - 数据库初始化完成
2026-03-09 21:10:43,902 - tourism_system - INFO - 启动服务，端口: 8080
2026-03-09 21:10:44,731 - tourism_system - INFO - 数据库初始化完成
2026-03-09 21:10:44,731 - tourism_system - INFO - 启动服务，端口: 8080
2026-03-09 21:24:39,471 - tourism_system - INFO - 数据库初始化完成
2026-03-09 21:24:39,471 - tourism_system - INFO - 启动服务，端口: 8080
2026-03-09 21:24:40,359 - tourism_system - INFO - 数据库初始化完成
2026-03-09 21:24:40,359 - tourism_system - INFO - 启动服务，端口: 8080
2026-03-09 21:39:40,845 - tourism_system - INFO - 数据库初始化完成
2026-03-09 21:39:40,845 - tourism_system - INFO - 启动服务，端口: 8080
2026-03-09 21:39:41,649 - tourism_system - INFO - 数据库初始化完成
2026-03-09 21:39:41,649 - tourism_system - INFO - 启动服务，端口: 8080
2026-03-09 21:46:29,608 - tourism_system - INFO - 数据库初始化完成
2026-03-09 21:46:29,609 - tourism_system - INFO - 启动服务，端口: 8080
2026-03-09 21:46:30,392 - tourism_system - INFO - 数据库初始化完成
2026-03-09 21:46:30,393 - tourism_system - INFO - 启动服务，端口: 8080
2026-03-09 21:48:12,451 - tourism_system - ERROR - 数据库初始化失败: (sqlite3.IntegrityError) UNIQUE constraint failed: users.username
[SQL: INSERT INTO users (username, password, name, phone, email, avatar, update_time) VALUES (?, ?, ?, ?, ?, ?, ?) RETURNING id, create_time]
[parameters: ('admin', 'e10adc3949ba59abbe56e057f20f883e', '管理员', '13800138000', 'admin@example.com', None, None)]
(Background on this error at: https://sqlalche.me/e/20/gkpj)
2026-03-09 21:48:12,451 - tourism_system - INFO - 启动服务，端口: 8080
2026-03-09 21:48:21,652 - tourism_system - ERROR - 数据库初始化失败: (sqlite3.IntegrityError) UNIQUE constraint failed: users.username
[SQL: INSERT INTO users (username, password, name, phone, email, avatar, update_time) VALUES (?, ?, ?, ?, ?, ?, ?) RETURNING id, create_time]
[parameters: ('admin', 'e10adc3949ba59abbe56e057f20f883e', '管理员', '13800138000', 'admin@example.com', None, None)]
(Background on this error at: https://sqlalche.me/e/20/gkpj)
2026-03-09 21:48:21,653 - tourism_system - INFO - 启动服务，端口: 8080
2026-03-09 21:48:34,792 - tourism_system - ERROR - 数据库初始化失败: (sqlite3.IntegrityError) UNIQUE constraint failed: users.username
[SQL: INSERT INTO users (username, password, name, phone, email, avatar, update_time) VALUES (?, ?, ?, ?, ?, ?, ?) RETURNING id, create_time]
[parameters: ('admin', 'e10adc3949ba59abbe56e057f20f883e', '管理员', '13800138000', 'admin@example.com', None, None)]
(Background on this error at: https://sqlalche.me/e/20/gkpj)
2026-03-09 21:48:34,792 - tourism_system - INFO - 启动服务，端口: 8080
2026-03-09 21:49:53,407 - tourism_system - ERROR - 数据库初始化失败: (sqlite3.IntegrityError) UNIQUE constraint failed: users.username
[SQL: INSERT INTO users (username, password, name, phone, email, avatar, update_time) VALUES (?, ?, ?, ?, ?, ?, ?) RETURNING id, create_time]
[parameters: ('admin', 'e10adc3949ba59abbe56e057f20f883e', '管理员', '13800138000', 'admin@example.com', None, None)]
(Background on this error at: https://sqlalche.me/e/20/gkpj)
2026-03-09 21:49:53,407 - tourism_system - INFO - 启动服务，端口: 8080
2026-03-09 21:51:35,416 - tourism_system - ERROR - 数据库初始化失败: (sqlite3.IntegrityError) UNIQUE constraint failed: users.username
[SQL: INSERT INTO users (username, password, name, phone, email, avatar, update_time) VALUES (?, ?, ?, ?, ?, ?, ?) RETURNING id, create_time]
[parameters: ('admin', 'e10adc3949ba59abbe56e057f20f883e', '管理员', '13800138000', 'admin@example.com', None, None)]
(Background on this error at: https://sqlalche.me/e/20/gkpj)
2026-03-09 21:51:35,416 - tourism_system - INFO - 启动服务，端口: 8080
2026-03-09 21:51:38,368 - tourism_system - ERROR - 数据库初始化失败: (sqlite3.IntegrityError) UNIQUE constraint failed: users.username
[SQL: INSERT INTO users (username, password, name, phone, email, avatar, update_time) VALUES (?, ?, ?, ?, ?, ?, ?) RETURNING id, create_time]
[parameters: ('admin', 'e10adc3949ba59abbe56e057f20f883e', '管理员', '13800138000', 'admin@example.com', None, None)]
(Background on this error at: https://sqlalche.me/e/20/gkpj)
2026-03-09 21:51:38,368 - tourism_system - INFO - 启动服务，端口: 8080
2026-03-09 21:51:41,339 - tourism_system - ERROR - 数据库初始化失败: (sqlite3.IntegrityError) UNIQUE constraint failed: users.username
[SQL: INSERT INTO users (username, password, name, phone, email, avatar, update_time) VALUES (?, ?, ?, ?, ?, ?, ?) RETURNING id, create_time]
[parameters: ('admin', 'e10adc3949ba59abbe56e057f20f883e', '管理员', '13800138000', 'admin@example.com', None, None)]
(Background on this error at: https://sqlalche.me/e/20/gkpj)
2026-03-09 21:51:41,339 - tourism_system - INFO - 启动服务，端口: 8080
2026-03-09 21:51:44,326 - tourism_system - ERROR - 数据库初始化失败: (sqlite3.IntegrityError) UNIQUE constraint failed: users.username
[SQL: INSERT INTO users (username, password, name, phone, email, avatar, update_time) VALUES (?, ?, ?, ?, ?, ?, ?) RETURNING id, create_time]
[parameters: ('admin', 'e10adc3949ba59abbe56e057f20f883e', '管理员', '13800138000', 'admin@example.com', None, None)]
(Background on this error at: https://sqlalche.me/e/20/gkpj)
2026-03-09 21:51:44,326 - tourism_system - INFO - 启动服务，端口: 8080
2026-03-09 21:51:47,320 - tourism_system - ERROR - 数据库初始化失败: (sqlite3.IntegrityError) UNIQUE constraint failed: users.username
[SQL: INSERT INTO users (username, password, name, phone, email, avatar, update_time) VALUES (?, ?, ?, ?, ?, ?, ?) RETURNING id, create_time]
[parameters: ('admin', 'e10adc3949ba59abbe56e057f20f883e', '管理员', '13800138000', 'admin@example.com', None, None)]
(Background on this error at: https://sqlalche.me/e/20/gkpj)
2026-03-09 21:51:47,321 - tourism_system - INFO - 启动服务，端口: 8080
2026-03-09 22:21:33,403 - tourism_system - ERROR - 数据库初始化失败: (sqlite3.IntegrityError) UNIQUE constraint failed: users.username
[SQL: INSERT INTO users (username, password, name, phone, email, avatar, update_time) VALUES (?, ?, ?, ?, ?, ?, ?) RETURNING id, create_time]
[parameters: ('admin', 'e10adc3949ba59abbe56e057f20f883e', '管理员', '13800138000', 'admin@example.com', None, None)]
(Background on this error at: https://sqlalche.me/e/20/gkpj)
2026-03-09 22:21:33,403 - tourism_system - INFO - 启动服务，端口: 8080
